<?xml version="1.0" encoding="utf-8"?><testsuites name="pytest tests"><testsuite name="pytest" errors="0" failures="0" skipped="0" tests="43" time="9.368" timestamp="2026-05-06T23:34:40.738730+00:00" hostname="agent-env-ffbda808-6ca7-4663-8079-1204dc43e964"><testcase classname="tests.test_admin_analytics_aggregation" name="test_time_series_endpoint_shape[day-active_users]" time="1.016" /><testcase classname="tests.test_admin_analytics_aggregation" name="test_time_series_endpoint_shape[day-app_sessions]" time="0.170" /><testcase classname="tests.test_admin_analytics_aggregation" name="test_time_series_endpoint_shape[day-screen_views]" time="0.162" /><testcase classname="tests.test_admin_analytics_aggregation" name="test_time_series_endpoint_shape[day-screen_time]" time="0.164" /><testcase classname="tests.test_admin_analytics_aggregation" name="test_time_series_endpoint_shape[day-workouts_started]" time="0.173" /><testcase classname="tests.test_admin_analytics_aggregation" name="test_time_series_endpoint_shape[day-workouts_completed]" time="0.162" /><testcase classname="tests.test_admin_analytics_aggregation" name="test_time_series_endpoint_shape[day-mood_selections]" time="0.159" /><testcase classname="tests.test_admin_analytics_aggregation" name="test_time_series_endpoint_shape[day-posts_created]" time="0.250" /><testcase classname="tests.test_admin_analytics_aggregation" name="test_time_series_endpoint_shape[day-social_interactions]" time="0.217" /><testcase classname="tests.test_admin_analytics_aggregation" name="test_time_series_endpoint_shape[day-new_users]" time="0.280" /><testcase classname="tests.test_admin_analytics_aggregation" name="test_time_series_endpoint_shape[week-active_users]" time="0.198" /><testcase classname="tests.test_admin_analytics_aggregation" name="test_time_series_endpoint_shape[week-app_sessions]" time="0.186" /><testcase classname="tests.test_admin_analytics_aggregation" name="test_time_series_endpoint_shape[week-screen_views]" time="0.236" /><testcase classname="tests.test_admin_analytics_aggregation" name="test_time_series_endpoint_shape[week-screen_time]" time="0.167" /><testcase classname="tests.test_admin_analytics_aggregation" name="test_time_series_endpoint_shape[week-workouts_started]" time="0.163" /><testcase classname="tests.test_admin_analytics_aggregation" name="test_time_series_endpoint_shape[week-workouts_completed]" time="0.164" /><testcase classname="tests.test_admin_analytics_aggregation" name="test_time_series_endpoint_shape[week-mood_selections]" time="0.174" /><testcase classname="tests.test_admin_analytics_aggregation" name="test_time_series_endpoint_shape[week-posts_created]" time="0.151" /><testcase classname="tests.test_admin_analytics_aggregation" name="test_time_series_endpoint_shape[week-social_interactions]" time="0.172" /><testcase classname="tests.test_admin_analytics_aggregation" name="test_time_series_endpoint_shape[week-new_users]" time="0.170" /><testcase classname="tests.test_admin_analytics_aggregation" name="test_time_series_endpoint_shape[month-active_users]" time="0.217" /><testcase classname="tests.test_admin_analytics_aggregation" name="test_time_series_endpoint_shape[month-app_sessions]" time="0.248" /><testcase classname="tests.test_admin_analytics_aggregation" name="test_time_series_endpoint_shape[month-screen_views]" time="0.182" /><testcase classname="tests.test_admin_analytics_aggregation" name="test_time_series_endpoint_shape[month-screen_time]" time="0.166" /><testcase classname="tests.test_admin_analytics_aggregation" name="test_time_series_endpoint_shape[month-workouts_started]" time="0.160" /><testcase classname="tests.test_admin_analytics_aggregation" name="test_time_series_endpoint_shape[month-workouts_completed]" time="0.173" /><testcase classname="tests.test_admin_analytics_aggregation" name="test_time_series_endpoint_shape[month-mood_selections]" time="0.166" /><testcase classname="tests.test_admin_analytics_aggregation" name="test_time_series_endpoint_shape[month-posts_created]" time="0.150" /><testcase classname="tests.test_admin_analytics_aggregation" name="test_time_series_endpoint_shape[month-social_interactions]" time="0.193" /><testcase classname="tests.test_admin_analytics_aggregation" name="test_time_series_endpoint_shape[month-new_users]" time="0.223" /><testcase classname="tests.test_admin_analytics_aggregation" name="test_breakdown_endpoint_shape[screen_views]" time="0.237" /><testcase classname="tests.test_admin_analytics_aggregation" name="test_breakdown_endpoint_shape[mood_selections]" time="0.164" /><testcase classname="tests.test_admin_analytics_aggregation" name="test_breakdown_endpoint_shape[social_interactions]" time="0.191" /><testcase classname="tests.test_admin_analytics_aggregation" name="test_signup_trend[day]" time="0.164" /><testcase classname="tests.test_admin_analytics_aggregation" name="test_signup_trend[week]" time="0.190" /><testcase classname="tests.test_admin_analytics_aggregation" name="test_signup_trend[month]" time="0.159" /><testcase classname="tests.test_admin_analytics_aggregation" name="test_chart_data[user_growth]" time="0.149" /><testcase classname="tests.test_admin_analytics_aggregation" name="test_chart_data[session_trend]" time="0.177" /><testcase classname="tests.test_admin_analytics_aggregation" name="test_chart_data[engagement_trend]" time="0.149" /><testcase classname="tests.test_admin_analytics_aggregation" name="test_export_users_pagination" time="0.170" /><testcase classname="tests.test_admin_analytics_aggregation" name="test_export_users_skip_works" time="0.356" /><testcase classname="tests.test_admin_analytics_aggregation" name="test_profile_posts_requires_auth" time="0.143" /><testcase classname="tests.test_admin_analytics_aggregation" name="test_non_admin_blocked" time="0.569" /></testsuite></testsuites>