<?xml version="1.0" encoding="utf-8"?><testsuites name="pytest tests"><testsuite name="pytest" errors="0" failures="0" skipped="0" tests="13" time="0.894" timestamp="2026-05-11T16:30:57.632725+00:00" hostname="agent-env-e125b04e-d4e5-4734-b282-dae6515b83f2"><testcase classname="backend.tests.test_featured_workouts_v2.TestFeaturedBundle" name="test_bundle_has_six_workouts" time="0.287" /><testcase classname="backend.tests.test_featured_workouts_v2.TestFeaturedBundle" name="test_bundle_titles_match_v2" time="0.000" /><testcase classname="backend.tests.test_featured_workouts_v2.TestFeaturedBundle" name="test_no_old_featured_workouts_present" time="0.000" /><testcase classname="backend.tests.test_featured_workouts_v2.TestFeaturedConfig" name="test_config_has_six_ids" time="0.212" /><testcase classname="backend.tests.test_featured_workouts_v2.TestFeaturedConfig" name="test_config_ids_match_bundle_workouts" time="0.000" /><testcase classname="backend.tests.test_featured_workouts_v2.TestExerciseCounts" name="test_exercise_counts_per_workout" time="0.000" /><testcase classname="backend.tests.test_featured_workouts_v2.TestWorkoutTypes" name="test_all_expected_workout_types_present" time="0.000" /><testcase classname="backend.tests.test_featured_workouts_v2.TestWorkoutTypes" name="test_every_exercise_has_workout_type" time="0.000" /><testcase classname="backend.tests.test_featured_workouts_v2.TestHeroImages" name="test_v2_hero_images_use_job_564800a5" time="0.000" /><testcase classname="backend.tests.test_featured_workouts_v2.TestHeroImages" name="test_bar_to_floor_uses_legacy_hero" time="0.000" /><testcase classname="backend.tests.test_featured_workouts_v2.TestCartSizeOverride" name="test_triple_threat_cart_size_override_is_3" time="0.001" /><testcase classname="backend.tests.test_featured_workouts_v2.TestBatchEndpoint" name="test_batch_returns_all_six" time="0.154" /><testcase classname="backend.tests.test_featured_workouts_v2.TestBatchEndpoint" name="test_batch_workouts_have_exercises_populated" time="0.140" /></testsuite></testsuites>