<?xml version="1.0" encoding="utf-8"?><testsuites name="pytest tests"><testsuite name="pytest" errors="0" failures="0" skipped="0" tests="6" time="2.308" timestamp="2026-05-27T08:25:03.260541+00:00" hostname="agent-env-be6d88c0-708d-47c1-b453-b570c1970dcc"><testcase classname="backend.tests.test_home_summary.TestAuthRequirement" name="test_no_auth_returns_401_or_403" time="0.290" /><testcase classname="backend.tests.test_home_summary.TestAuthRequirement" name="test_invalid_token_rejected" time="0.114" /><testcase classname="backend.tests.test_home_summary.TestFreshUserShape" name="test_fresh_user_returns_empty_counts_and_null_calories" time="0.468" /><testcase classname="backend.tests.test_home_summary.TestMoodAggregation" name="test_mood_selected_events_aggregated_by_category" time="0.740" /><testcase classname="backend.tests.test_home_summary.TestMoodAggregation" name="test_trend_threshold_exceeds_5" time="0.539" /><testcase classname="backend.tests.test_home_summary.TestResponseTypes" name="test_counts_are_integers" time="0.104" /></testsuite></testsuites>