<?xml version="1.0" encoding="utf-8"?><testsuites name="pytest tests"><testsuite name="pytest" errors="0" failures="0" skipped="0" tests="8" time="4.168" timestamp="2026-05-28T22:10:55.832633+00:00" hostname="agent-env-f2ac7ddb-b29d-4098-8ded-d1da6d6045f6"><testcase classname="backend.tests.test_iteration_33_unlimited_gens" name="test_user_workouts_returns_200_with_serialized_fields" time="0.732" /><testcase classname="backend.tests.test_iteration_33_unlimited_gens" name="test_choose_for_me_usage_returns_999_can_generate_true" time="0.468" /><testcase classname="backend.tests.test_iteration_33_unlimited_gens" name="test_choose_for_me_generate_six_in_a_row_all_200" time="1.025" /><testcase classname="backend.tests.test_iteration_33_unlimited_gens" name="test_choose_for_me_skip_ping_returns_200" time="0.468" /><testcase classname="backend.tests.test_iteration_33_unlimited_gens" name="test_choose_for_me_usage_blocks_guest" time="0.115" /><testcase classname="backend.tests.test_iteration_33_unlimited_gens" name="test_choose_for_me_generate_blocks_guest" time="0.124" /><testcase classname="backend.tests.test_iteration_33_unlimited_gens" name="test_auth_login_after_register" time="0.705" /><testcase classname="backend.tests.test_iteration_33_unlimited_gens" name="test_posts_feed_reachable" time="0.471" /></testsuite></testsuites>