<?xml version="1.0" encoding="utf-8"?><testsuites name="pytest tests"><testsuite name="pytest" errors="0" failures="0" skipped="0" tests="6" time="4.026" timestamp="2026-05-27T16:38:44.178793+00:00" hostname="agent-env-be6d88c0-708d-47c1-b453-b570c1970dcc"><testcase classname="backend.tests.test_user_workouts_session_metrics.TestUserWorkoutCreateBackwardCompat" name="test_legacy_payload_only_succeeds" time="0.707" /><testcase classname="backend.tests.test_user_workouts_session_metrics.TestUserWorkoutCreateAllNewFields" name="test_all_new_fields_accepted_and_stored" time="0.670" /><testcase classname="backend.tests.test_user_workouts_session_metrics.TestUserWorkoutCreateMixed" name="test_mixed_payload_accepted" time="0.691" /><testcase classname="backend.tests.test_user_workouts_session_metrics.TestHomeSummaryCaloriesPrecedence" name="test_no_workouts_returns_null_calories" time="0.483" /><testcase classname="backend.tests.test_user_workouts_session_metrics.TestHomeSummaryCaloriesPrecedence" name="test_session_calories_burned_takes_precedence" time="0.625" /><testcase classname="backend.tests.test_user_workouts_session_metrics.TestHomeSummaryCaloriesPrecedence" name="test_most_recent_workout_wins" time="0.790" /></testsuite></testsuites>