<?xml version="1.0" encoding="utf-8"?><testsuites name="pytest tests"><testsuite name="pytest" errors="0" failures="0" skipped="0" tests="30" time="2.896" timestamp="2026-05-08T19:15:08.567549+00:00" hostname="agent-env-1e7a2a7b-194a-4773-934d-ba1e47043cf7"><testcase classname="backend.tests.test_live_feed_api.TestAuth" name="test_requires_auth" time="0.291" /><testcase classname="backend.tests.test_live_feed_api.TestAuth" name="test_invalid_token_rejected" time="0.270" /><testcase classname="backend.tests.test_live_feed_api.TestAuth" name="test_valid_token_accepted" time="0.181" /><testcase classname="backend.tests.test_live_feed_api.TestResponseShape" name="test_has_stats_and_entries" time="0.192" /><testcase classname="backend.tests.test_live_feed_api.TestResponseShape" name="test_stats_shape" time="0.000" /><testcase classname="backend.tests.test_live_feed_api.TestEntrySchema" name="test_entries_present" time="0.000" /><testcase classname="backend.tests.test_live_feed_api.TestEntrySchema" name="test_required_fields" time="0.000" /><testcase classname="backend.tests.test_live_feed_api.TestEntrySchema" name="test_user_fields" time="0.000" /><testcase classname="backend.tests.test_live_feed_api.TestEntrySchema" name="test_no_mongo_objectid_leak" time="0.001" /><testcase classname="backend.tests.test_live_feed_api.TestEntrySchema" name="test_mood_bucket_valid" time="0.000" /><testcase classname="backend.tests.test_live_feed_api.TestEntrySchema" name="test_entry_type_valid" time="0.000" /><testcase classname="backend.tests.test_live_feed_api.TestEntrySchema" name="test_ago_text_relative" time="0.001" /><testcase classname="backend.tests.test_live_feed_api.TestEntrySchema" name="test_timestamp_iso" time="0.000" /><testcase classname="backend.tests.test_live_feed_api.TestEntryTypes" name="test_milestone_count_present_for_milestones" time="0.000" /><testcase classname="backend.tests.test_live_feed_api.TestEntryTypes" name="test_live_now_within_20_minutes" time="0.000" /><testcase classname="backend.tests.test_live_feed_api.TestEntryTypes" name="test_completion_has_mood" time="0.000" /><testcase classname="backend.tests.test_live_feed_api.TestSortAndLimit" name="test_sorted_desc" time="0.000" /><testcase classname="backend.tests.test_live_feed_api.TestSortAndLimit" name="test_respects_limit" time="0.223" /><testcase classname="backend.tests.test_live_feed_api.TestRegression" name="test_posts_public_still_works" time="0.180" /><testcase classname="backend.tests.test_live_feed_api.TestRegression" name="test_posts_endpoint_still_works" time="0.303" /><testcase classname="backend.tests.test_live_feed_api.TestRegression" name="test_posts_following_still_exists" time="0.224" /><testcase classname="backend.tests.test_live_feed" name="test_classify_mood_sweat" time="0.000" /><testcase classname="backend.tests.test_live_feed" name="test_classify_mood_muscle" time="0.000" /><testcase classname="backend.tests.test_live_feed" name="test_classify_mood_explosive" time="0.000" /><testcase classname="backend.tests.test_live_feed" name="test_classify_mood_calisthenics" time="0.000" /><testcase classname="backend.tests.test_live_feed" name="test_classify_mood_outdoor" time="0.000" /><testcase classname="backend.tests.test_live_feed" name="test_classify_mood_lazy" time="0.000" /><testcase classname="backend.tests.test_live_feed" name="test_classify_mood_unknown_returns_none" time="0.000" /><testcase classname="backend.tests.test_live_feed" name="test_format_relative_time" time="0.000" /><testcase classname="backend.tests.test_live_feed" name="test_bucket_labels_complete" time="0.000" /></testsuite></testsuites>