<?xml version="1.0" encoding="utf-8"?><testsuites name="pytest tests"><testsuite name="pytest" errors="0" failures="0" skipped="0" tests="56" time="12.116" timestamp="2026-05-11T03:31:56.495223+00:00" hostname="agent-env-60cf2bb5-20b3-4e72-80f3-5f7c8448d76f"><testcase classname="backend.tests.test_onboarding_backfill_v3.TestAppSettingsV3Flag" name="test_v3_flag_doc_with_applied_at_and_matched_gt_zero" time="0.022" /><testcase classname="backend.tests.test_onboarding_backfill_v3.TestAppSettingsV3Flag" name="test_v2_flag_still_present_for_compat" time="0.007" /><testcase classname="backend.tests.test_onboarding_backfill_v3.TestAppSettingsV3Flag" name="test_v3_log_line_appears_at_least_once" time="0.005" /><testcase classname="backend.tests.test_onboarding_backfill_v3.TestAllUsersUnseenAfterV3" name="test_all_users_have_three_keys_unseen" time="0.008" /><testcase classname="backend.tests.test_onboarding_backfill_v3.TestAllUsersUnseenAfterV3" name="test_no_users_missing_three_keys" time="0.007" /><testcase classname="backend.tests.test_onboarding_backfill_v3.TestFreshUserAfterV3" name="test_fresh_user_all_three_unseen" time="0.673" /><testcase classname="backend.tests.test_onboarding_backfill_v3.TestV3Idempotency" name="test_completed_state_persists_no_re_reset" time="2.185" /><testcase classname="backend.tests.test_onboarding_backfill_v3.TestRegressionTipsState" name="test_patch_form_videos_completed" time="0.122" /><testcase classname="backend.tests.test_onboarding_backfill_v3.TestRegressionTipsState" name="test_patch_form_videos_never" time="0.141" /><testcase classname="backend.tests.test_onboarding_backfill_v3.TestRegressionTipsState" name="test_patch_invalid_state_400" time="0.060" /><testcase classname="backend.tests.test_onboarding_backfill_v3.TestRegressionTipsState" name="test_patch_invalid_key_400" time="0.064" /><testcase classname="backend.tests.test_onboarding_backfill_v3.TestRegressionTipsState" name="test_get_onboarding_config_default_true" time="0.259" /><testcase classname="backend.tests.test_onboarding_backfill_v2.TestAppSettingsV2Flag" name="test_v2_flag_exists_with_matched_count_and_applied_at" time="0.018" /><testcase classname="backend.tests.test_onboarding_backfill_v2.TestAppSettingsV2Flag" name="test_all_users_have_three_tip_keys" time="0.030" /><testcase classname="backend.tests.test_onboarding_backfill_v2.TestAppSettingsV2Flag" name="test_v2_log_line_appears_at_least_once" time="0.014" /><testcase classname="backend.tests.test_onboarding_backfill_v2.TestFreshUserAfterV2" name="test_fresh_user_has_all_three_keys_unseen" time="0.644" /><testcase classname="backend.tests.test_onboarding_backfill_v2.TestV2Idempotency" name="test_completed_state_persists_no_re_reset" time="2.160" /><testcase classname="backend.tests.test_onboarding_backfill_v2.TestRegressionTipsStatePatch" name="test_patch_completion_share_completed" time="0.107" /><testcase classname="backend.tests.test_onboarding_backfill_v2.TestRegressionTipsStatePatch" name="test_patch_completion_share_never" time="0.107" /><testcase classname="backend.tests.test_onboarding_backfill_v2.TestRegressionTipsStatePatch" name="test_patch_invalid_key_400" time="0.056" /><testcase classname="backend.tests.test_onboarding_backfill_v2.TestRegressionTipsStatePatch" name="test_onboarding_config_default_true" time="0.045" /><testcase classname="backend.tests.test_onboarding_backfill.TestBackfillTipsStateShape" name="test_me_returns_unseen_for_form_videos_and_completion_share" time="0.443" /><testcase classname="backend.tests.test_onboarding_backfill.TestAppSettingsFlag" name="test_app_settings_has_backfill_flag_with_matched_count" time="0.007" /><testcase classname="backend.tests.test_onboarding_backfill.TestAppSettingsFlag" name="test_all_users_have_form_videos_and_completion_share_keys" time="0.010" /><testcase classname="backend.tests.test_onboarding_backfill.TestBackfillIdempotency" name="test_user_completed_state_persists_across_simulated_second_startup" time="2.145" /><testcase classname="backend.tests.test_onboarding_backfill.TestBackfillIdempotency" name="test_backfill_log_appears_only_once" time="0.010" /><testcase classname="backend.tests.test_onboarding_backfill.TestRegressionTipsStateEndpoints" name="test_patch_completion_share_completed" time="0.103" /><testcase classname="backend.tests.test_onboarding_backfill.TestRegressionTipsStateEndpoints" name="test_patch_invalid_key_still_400" time="0.053" /><testcase classname="backend.tests.test_onboarding_backfill.TestRegressionTipsStateEndpoints" name="test_get_onboarding_config_still_default_true" time="0.049" /><testcase classname="backend.tests.test_onboarding_tips.TestOnboardingConfig" name="test_get_onboarding_config_no_auth_required" time="0.158" /><testcase classname="backend.tests.test_onboarding_tips.TestOnboardingConfig" name="test_get_onboarding_config_does_not_leak_mongo_id" time="0.053" /><testcase classname="backend.tests.test_onboarding_tips.TestRegisterInitializesTipsState" name="test_register_succeeds_and_me_has_all_tip_keys_unseen" time="0.379" /><testcase classname="backend.tests.test_onboarding_tips.TestUsersMeTipsStateShape" name="test_me_always_returns_three_tip_keys" time="0.061" /><testcase classname="backend.tests.test_onboarding_tips.TestUsersMeTipsStateShape" name="test_me_does_not_leak_password_or_mongo_id_field" time="0.075" /><testcase classname="backend.tests.test_onboarding_tips.TestPatchTipsState" name="test_patch_mood_scroll_completed" time="0.116" /><testcase classname="backend.tests.test_onboarding_tips.TestPatchTipsState" name="test_patch_form_videos_never_allowed" time="0.136" /><testcase classname="backend.tests.test_onboarding_tips.TestPatchTipsState" name="test_patch_completion_share_never_allowed" time="0.109" /><testcase classname="backend.tests.test_onboarding_tips.TestPatchTipsState" name="test_patch_dismissed_state_persists" time="0.116" /><testcase classname="backend.tests.test_onboarding_tips.TestPatchTipsState" name="test_patch_mood_scroll_never_rejected" time="0.116" /><testcase classname="backend.tests.test_onboarding_tips.TestPatchTipsState" name="test_patch_invalid_key_returns_400[mood_scrool]" time="0.053" /><testcase classname="backend.tests.test_onboarding_tips.TestPatchTipsState" name="test_patch_invalid_key_returns_400[MoodScroll]" time="0.052" /><testcase classname="backend.tests.test_onboarding_tips.TestPatchTipsState" name="test_patch_invalid_key_returns_400[]" time="0.058" /><testcase classname="backend.tests.test_onboarding_tips.TestPatchTipsState" name="test_patch_invalid_key_returns_400[random_tip]" time="0.056" /><testcase classname="backend.tests.test_onboarding_tips.TestPatchTipsState" name="test_patch_invalid_key_returns_400[completion-share]" time="0.051" /><testcase classname="backend.tests.test_onboarding_tips.TestPatchTipsState" name="test_patch_invalid_state_returns_400[seen]" time="0.058" /><testcase classname="backend.tests.test_onboarding_tips.TestPatchTipsState" name="test_patch_invalid_state_returns_400[DONE]" time="0.054" /><testcase classname="backend.tests.test_onboarding_tips.TestPatchTipsState" name="test_patch_invalid_state_returns_400[]" time="0.050" /><testcase classname="backend.tests.test_onboarding_tips.TestPatchTipsState" name="test_patch_invalid_state_returns_400[complete]" time="0.061" /><testcase classname="backend.tests.test_onboarding_tips.TestPatchTipsState" name="test_patch_invalid_state_returns_400[skipped]" time="0.076" /><testcase classname="backend.tests.test_onboarding_tips.TestPatchTipsState" name="test_patch_invalid_state_returns_400[Never]" time="0.077" /><testcase classname="backend.tests.test_onboarding_tips.TestPatchTipsState" name="test_patch_missing_fields_returns_422" time="0.056" /><testcase classname="backend.tests.test_onboarding_tips.TestPatchTipsState" name="test_patch_without_auth_rejected" time="0.056" /><testcase classname="backend.tests.test_onboarding_tips.TestPatchTipsState" name="test_patch_with_invalid_token_rejected" time="0.056" /><testcase classname="backend.tests.test_onboarding_tips.TestPatchTipsState" name="test_patch_isolation_between_keys" time="0.164" /><testcase classname="backend.tests.test_onboarding_tips.TestAvatarBase64Regression" name="test_avatar_base64_endpoint_exists_and_requires_auth" time="0.047" /><testcase classname="backend.tests.test_onboarding_tips.TestAvatarBase64Regression" name="test_avatar_base64_with_auth_does_not_500_on_validation" time="0.052" /></testsuite></testsuites>