<?xml version="1.0" encoding="utf-8"?><testsuites name="pytest tests"><testsuite name="pytest" errors="0" failures="0" skipped="0" tests="27" time="3.663" timestamp="2026-05-08T20:29:24.116309+00:00" hostname="agent-env-60cf2bb5-20b3-4e72-80f3-5f7c8448d76f"><testcase classname="backend.tests.test_onboarding_tips.TestOnboardingConfig" name="test_get_onboarding_config_no_auth_required" time="0.335" /><testcase classname="backend.tests.test_onboarding_tips.TestOnboardingConfig" name="test_get_onboarding_config_does_not_leak_mongo_id" time="0.082" /><testcase classname="backend.tests.test_onboarding_tips.TestRegisterInitializesTipsState" name="test_register_succeeds_and_me_has_all_tip_keys_unseen" time="0.473" /><testcase classname="backend.tests.test_onboarding_tips.TestUsersMeTipsStateShape" name="test_me_always_returns_three_tip_keys" time="0.084" /><testcase classname="backend.tests.test_onboarding_tips.TestUsersMeTipsStateShape" name="test_me_does_not_leak_password_or_mongo_id_field" time="0.080" /><testcase classname="backend.tests.test_onboarding_tips.TestPatchTipsState" name="test_patch_mood_scroll_completed" time="0.163" /><testcase classname="backend.tests.test_onboarding_tips.TestPatchTipsState" name="test_patch_form_videos_never_allowed" time="0.170" /><testcase classname="backend.tests.test_onboarding_tips.TestPatchTipsState" name="test_patch_completion_share_never_allowed" time="0.197" /><testcase classname="backend.tests.test_onboarding_tips.TestPatchTipsState" name="test_patch_dismissed_state_persists" time="0.158" /><testcase classname="backend.tests.test_onboarding_tips.TestPatchTipsState" name="test_patch_mood_scroll_never_rejected" time="0.157" /><testcase classname="backend.tests.test_onboarding_tips.TestPatchTipsState" name="test_patch_invalid_key_returns_400[mood_scrool]" time="0.076" /><testcase classname="backend.tests.test_onboarding_tips.TestPatchTipsState" name="test_patch_invalid_key_returns_400[MoodScroll]" time="0.078" /><testcase classname="backend.tests.test_onboarding_tips.TestPatchTipsState" name="test_patch_invalid_key_returns_400[]" time="0.091" /><testcase classname="backend.tests.test_onboarding_tips.TestPatchTipsState" name="test_patch_invalid_key_returns_400[random_tip]" time="0.093" /><testcase classname="backend.tests.test_onboarding_tips.TestPatchTipsState" name="test_patch_invalid_key_returns_400[completion-share]" time="0.102" /><testcase classname="backend.tests.test_onboarding_tips.TestPatchTipsState" name="test_patch_invalid_state_returns_400[seen]" time="0.086" /><testcase classname="backend.tests.test_onboarding_tips.TestPatchTipsState" name="test_patch_invalid_state_returns_400[DONE]" time="0.082" /><testcase classname="backend.tests.test_onboarding_tips.TestPatchTipsState" name="test_patch_invalid_state_returns_400[]" time="0.083" /><testcase classname="backend.tests.test_onboarding_tips.TestPatchTipsState" name="test_patch_invalid_state_returns_400[complete]" time="0.081" /><testcase classname="backend.tests.test_onboarding_tips.TestPatchTipsState" name="test_patch_invalid_state_returns_400[skipped]" time="0.077" /><testcase classname="backend.tests.test_onboarding_tips.TestPatchTipsState" name="test_patch_invalid_state_returns_400[Never]" time="0.080" /><testcase classname="backend.tests.test_onboarding_tips.TestPatchTipsState" name="test_patch_missing_fields_returns_422" time="0.096" /><testcase classname="backend.tests.test_onboarding_tips.TestPatchTipsState" name="test_patch_without_auth_rejected" time="0.077" /><testcase classname="backend.tests.test_onboarding_tips.TestPatchTipsState" name="test_patch_with_invalid_token_rejected" time="0.079" /><testcase classname="backend.tests.test_onboarding_tips.TestPatchTipsState" name="test_patch_isolation_between_keys" time="0.295" /><testcase classname="backend.tests.test_onboarding_tips.TestAvatarBase64Regression" name="test_avatar_base64_endpoint_exists_and_requires_auth" time="0.082" /><testcase classname="backend.tests.test_onboarding_tips.TestAvatarBase64Regression" name="test_avatar_base64_with_auth_does_not_500_on_validation" time="0.076" /></testsuite></testsuites>