<?xml version="1.0" encoding="utf-8"?><testsuites name="pytest tests"><testsuite name="pytest" errors="0" failures="0" skipped="0" tests="36" time="5.780" timestamp="2026-05-08T21:16:05.513205+00:00" hostname="agent-env-60cf2bb5-20b3-4e72-80f3-5f7c8448d76f"><testcase classname="backend.tests.test_onboarding_backfill_v2.TestAppSettingsV2Flag" name="test_v2_flag_exists_with_matched_count_and_applied_at" time="0.024" /><testcase classname="backend.tests.test_onboarding_backfill_v2.TestAppSettingsV2Flag" name="test_all_users_have_three_tip_keys" time="0.009" /><testcase classname="backend.tests.test_onboarding_backfill_v2.TestAppSettingsV2Flag" name="test_v2_log_line_appears_at_least_once" time="0.004" /><testcase classname="backend.tests.test_onboarding_backfill_v2.TestFreshUserAfterV2" name="test_fresh_user_has_all_three_keys_unseen" time="0.622" /><testcase classname="backend.tests.test_onboarding_backfill_v2.TestV2Idempotency" name="test_completed_state_persists_no_re_reset" time="2.190" /><testcase classname="backend.tests.test_onboarding_backfill_v2.TestRegressionTipsStatePatch" name="test_patch_completion_share_completed" time="0.121" /><testcase classname="backend.tests.test_onboarding_backfill_v2.TestRegressionTipsStatePatch" name="test_patch_completion_share_never" time="0.124" /><testcase classname="backend.tests.test_onboarding_backfill_v2.TestRegressionTipsStatePatch" name="test_patch_invalid_key_400" time="0.056" /><testcase classname="backend.tests.test_onboarding_backfill_v2.TestRegressionTipsStatePatch" name="test_onboarding_config_default_true" time="0.061" /><testcase classname="backend.tests.test_onboarding_tips.TestOnboardingConfig" name="test_get_onboarding_config_no_auth_required" time="0.188" /><testcase classname="backend.tests.test_onboarding_tips.TestOnboardingConfig" name="test_get_onboarding_config_does_not_leak_mongo_id" time="0.054" /><testcase classname="backend.tests.test_onboarding_tips.TestRegisterInitializesTipsState" name="test_register_succeeds_and_me_has_all_tip_keys_unseen" time="0.367" /><testcase classname="backend.tests.test_onboarding_tips.TestUsersMeTipsStateShape" name="test_me_always_returns_three_tip_keys" time="0.058" /><testcase classname="backend.tests.test_onboarding_tips.TestUsersMeTipsStateShape" name="test_me_does_not_leak_password_or_mongo_id_field" time="0.059" /><testcase classname="backend.tests.test_onboarding_tips.TestPatchTipsState" name="test_patch_mood_scroll_completed" time="0.108" /><testcase classname="backend.tests.test_onboarding_tips.TestPatchTipsState" name="test_patch_form_videos_never_allowed" time="0.116" /><testcase classname="backend.tests.test_onboarding_tips.TestPatchTipsState" name="test_patch_completion_share_never_allowed" time="0.110" /><testcase classname="backend.tests.test_onboarding_tips.TestPatchTipsState" name="test_patch_dismissed_state_persists" time="0.114" /><testcase classname="backend.tests.test_onboarding_tips.TestPatchTipsState" name="test_patch_mood_scroll_never_rejected" time="0.125" /><testcase classname="backend.tests.test_onboarding_tips.TestPatchTipsState" name="test_patch_invalid_key_returns_400[mood_scrool]" time="0.055" /><testcase classname="backend.tests.test_onboarding_tips.TestPatchTipsState" name="test_patch_invalid_key_returns_400[MoodScroll]" time="0.057" /><testcase classname="backend.tests.test_onboarding_tips.TestPatchTipsState" name="test_patch_invalid_key_returns_400[]" time="0.059" /><testcase classname="backend.tests.test_onboarding_tips.TestPatchTipsState" name="test_patch_invalid_key_returns_400[random_tip]" time="0.053" /><testcase classname="backend.tests.test_onboarding_tips.TestPatchTipsState" name="test_patch_invalid_key_returns_400[completion-share]" time="0.056" /><testcase classname="backend.tests.test_onboarding_tips.TestPatchTipsState" name="test_patch_invalid_state_returns_400[seen]" time="0.057" /><testcase classname="backend.tests.test_onboarding_tips.TestPatchTipsState" name="test_patch_invalid_state_returns_400[DONE]" time="0.076" /><testcase classname="backend.tests.test_onboarding_tips.TestPatchTipsState" name="test_patch_invalid_state_returns_400[]" time="0.061" /><testcase classname="backend.tests.test_onboarding_tips.TestPatchTipsState" name="test_patch_invalid_state_returns_400[complete]" time="0.053" /><testcase classname="backend.tests.test_onboarding_tips.TestPatchTipsState" name="test_patch_invalid_state_returns_400[skipped]" time="0.052" /><testcase classname="backend.tests.test_onboarding_tips.TestPatchTipsState" name="test_patch_invalid_state_returns_400[Never]" time="0.054" /><testcase classname="backend.tests.test_onboarding_tips.TestPatchTipsState" name="test_patch_missing_fields_returns_422" time="0.057" /><testcase classname="backend.tests.test_onboarding_tips.TestPatchTipsState" name="test_patch_without_auth_rejected" time="0.054" /><testcase classname="backend.tests.test_onboarding_tips.TestPatchTipsState" name="test_patch_with_invalid_token_rejected" time="0.055" /><testcase classname="backend.tests.test_onboarding_tips.TestPatchTipsState" name="test_patch_isolation_between_keys" time="0.205" /><testcase classname="backend.tests.test_onboarding_tips.TestAvatarBase64Regression" name="test_avatar_base64_endpoint_exists_and_requires_auth" time="0.080" /><testcase classname="backend.tests.test_onboarding_tips.TestAvatarBase64Regression" name="test_avatar_base64_with_auth_does_not_500_on_validation" time="0.055" /></testsuite></testsuites>