<?xml version="1.0" encoding="utf-8"?><testsuites name="pytest tests"><testsuite name="pytest" errors="0" failures="0" skipped="0" tests="24" time="12.972" timestamp="2026-06-03T03:45:30.051826+00:00" hostname="agent-env-cbcf2c7c-0096-4536-9725-a8df71946f80"><testcase classname="tests.test_phase2_retention_indep.TestRetentionStreaks" name="test_first_ever_workout_emits_streak_extended_new" time="0.656" /><testcase classname="tests.test_phase2_retention_indep.TestRetentionStreaks" name="test_milestones[3]" time="0.650" /><testcase classname="tests.test_phase2_retention_indep.TestRetentionStreaks" name="test_milestones[7]" time="0.641" /><testcase classname="tests.test_phase2_retention_indep.TestRetentionStreaks" name="test_milestones[14]" time="0.640" /><testcase classname="tests.test_phase2_retention_indep.TestRetentionStreaks" name="test_milestones[30]" time="0.639" /><testcase classname="tests.test_phase2_retention_indep.TestRetentionStreaks" name="test_no_milestone_for_non_milestone_day" time="0.541" /><testcase classname="tests.test_phase2_retention_indep.TestRetentionStreaks" name="test_idempotent_same_day" time="0.647" /><testcase classname="tests.test_phase2_retention_indep.TestRetentionStreaks" name="test_streak_broken_after_gap" time="0.638" /><testcase classname="tests.test_phase2_retention_indep.TestRetentionStreaks" name="test_workout_session_completed_alias_advances_streak" time="0.637" /><testcase classname="tests.test_phase2_retention_indep.TestComeback" name="test_comeback_after_7_day_lapse" time="0.640" /><testcase classname="tests.test_phase2_retention_indep.TestComeback" name="test_no_comeback_under_lapse_threshold" time="0.537" /><testcase classname="tests.test_phase2_retention_indep.TestComeback" name="test_session_start_updates_last_active_no_lapse" time="0.538" /><testcase classname="tests.test_phase2_retention_indep.TestCatalog" name="test_event_category[paywall_cta_tapped-monetization]" time="0.537" /><testcase classname="tests.test_phase2_retention_indep.TestCatalog" name="test_event_category[founding_banner_shown-monetization]" time="0.537" /><testcase classname="tests.test_phase2_retention_indep.TestCatalog" name="test_event_category[mood_intro_viewed-workout]" time="0.537" /><testcase classname="tests.test_phase2_retention_indep.TestCatalog" name="test_event_category[tip_shown-onboarding]" time="0.538" /><testcase classname="tests.test_phase2_retention_indep.TestCatalog" name="test_event_category[onboarding_completed-onboarding]" time="0.538" /><testcase classname="tests.test_phase2_retention_indep.TestCatalog" name="test_event_category[health_permission_granted-onboarding]" time="0.537" /><testcase classname="tests.test_phase2_retention_indep.TestCatalog" name="test_event_category[notification_opened-notification]" time="0.540" /><testcase classname="tests.test_phase2_retention_indep.TestCatalog" name="test_event_category[share_completed-sharing]" time="0.536" /><testcase classname="tests.test_phase2_retention_indep.TestPhase1Regression" name="test_register_emits_user_registered_auth" time="0.232" /><testcase classname="tests.test_phase2_retention_indep.TestPhase1Regression" name="test_subscription_validate_emits_started_no_legacy" time="0.635" /><testcase classname="tests.test_phase2_retention_indep.TestPhase1Regression" name="test_apple_webhook_unsigned_gate" time="0.340" /><testcase classname="tests.test_phase2_retention_indep" name="test_health" time="0.002" /></testsuite></testsuites>