<?xml version="1.0" encoding="utf-8"?><testsuites name="pytest tests"><testsuite name="pytest" errors="0" failures="0" skipped="0" tests="14" time="5.262" timestamp="2026-06-02T17:14:52.137988+00:00" hostname="agent-env-59469177-5028-4384-b458-f69ed658616a"><testcase classname="tests.test_phase1_tracking_v2.TestAuthEvents" name="test_user_registered_is_auth" time="0.654" /><testcase classname="tests.test_phase1_tracking_v2.TestAuthEvents" name="test_login_failure_then_success" time="0.866" /><testcase classname="tests.test_phase1_tracking_v2.TestAuthEvents" name="test_logout_tracked" time="0.406" /><testcase classname="tests.test_phase1_tracking_v2.TestEventCatalog" name="test_catalog_event[paywall_dismissed-monetization]" time="0.438" /><testcase classname="tests.test_phase1_tracking_v2.TestEventCatalog" name="test_catalog_event[plan_selected-monetization]" time="0.207" /><testcase classname="tests.test_phase1_tracking_v2.TestEventCatalog" name="test_catalog_event[purchase_initiated-monetization]" time="0.207" /><testcase classname="tests.test_phase1_tracking_v2.TestEventCatalog" name="test_catalog_event[restore_purchases_clicked-monetization]" time="0.206" /><testcase classname="tests.test_phase1_tracking_v2.TestEventCatalog" name="test_catalog_event[founding_member_offer_shown-monetization]" time="0.206" /><testcase classname="tests.test_phase1_tracking_v2.TestEventCatalog" name="test_catalog_event[workout_generation_started-workout]" time="0.206" /><testcase classname="tests.test_phase1_tracking_v2.TestEventCatalog" name="test_catalog_event[workout_generation_completed-workout]" time="0.206" /><testcase classname="tests.test_phase1_tracking_v2.TestEventCatalog" name="test_catalog_event[workout_previewed-workout]" time="0.207" /><testcase classname="tests.test_phase1_tracking_v2.TestEventCatalog" name="test_catalog_event[workout_regenerated-workout]" time="0.209" /><testcase classname="tests.test_phase1_tracking_v2.TestSubscriptionValidate" name="test_subscription_started_lands_in_user_events_only" time="0.743" /><testcase classname="tests.test_phase1_tracking_v2.TestAppleWebhookGate" name="test_unsigned_payload_dropped" time="0.436" /></testsuite></testsuites>