<?xml version="1.0" encoding="utf-8"?><testsuites name="pytest tests"><testsuite name="pytest" errors="0" failures="0" skipped="1" tests="11" time="6.993" timestamp="2026-03-05T21:48:17.968605+00:00" hostname="agent-env-bde8fdac-4866-47e5-87be-e69a3683a778"><testcase classname="backend.tests.test_profile_posts_debug.TestHealthAndRegression" name="test_health_endpoint_returns_healthy" time="0.347" /><testcase classname="backend.tests.test_profile_posts_debug.TestHealthAndRegression" name="test_public_posts_endpoint_returns_posts" time="0.176" /><testcase classname="backend.tests.test_profile_posts_debug.TestAuthenticationAndAdmin" name="test_non_admin_cannot_access_debug_endpoint" time="0.643" /><testcase classname="backend.tests.test_profile_posts_debug.TestProfilePostsEndpoint" name="test_profile_posts_returns_posts_for_user_with_posts" time="0.548" /><testcase classname="backend.tests.test_profile_posts_debug.TestProfilePostsEndpoint" name="test_profile_posts_returns_empty_for_user_with_no_posts" time="0.190" /><testcase classname="backend.tests.test_profile_posts_debug.TestProfilePostsEndpoint" name="test_profile_posts_returns_empty_for_nonexistent_user" time="0.487" /><testcase classname="backend.tests.test_profile_posts_debug.TestDebugEndpointStructure" name="test_debug_endpoint_returns_all_required_fields" time="2.408"><skipped type="pytest.skip" message="Could not obtain admin token - admin may use OAuth only">/app/backend/tests/test_profile_posts_debug.py:203: Could not obtain admin token - admin may use OAuth only</skipped></testcase><testcase classname="backend.tests.test_profile_posts_debug.TestCoverUrlsTypeHandling" name="test_public_posts_handle_various_cover_urls_types" time="0.212" /><testcase classname="backend.tests.test_profile_posts_debug.TestCoverUrlsTypeHandling" name="test_profile_posts_handle_various_cover_urls_types" time="0.580" /><testcase classname="backend.tests.test_profile_posts_debug.TestErrorHandlingImprovement" name="test_profile_endpoint_returns_200_not_404_for_valid_requests" time="0.879" /><testcase classname="backend.tests.test_profile_posts_debug.TestErrorHandlingImprovement" name="test_profile_endpoint_handles_invalid_objectid_gracefully" time="0.407" /></testsuite></testsuites>