<?xml version="1.0" encoding="utf-8"?><testsuites name="pytest tests"><testsuite name="pytest" errors="0" failures="0" skipped="0" tests="16" time="12.552" timestamp="2026-03-04T18:29:06.660243+00:00" hostname="agent-env-f7783760-1419-4f56-818c-814f0a2c160a"><testcase classname="tests.test_author_id_resolution.TestResolvePostAuthorIdPriority" name="test_author_id_has_highest_priority" time="0.001" /><testcase classname="tests.test_author_id_resolution.TestResolvePostAuthorIdPriority" name="test_user_id_fallback_when_no_author_id" time="0.001" /><testcase classname="tests.test_author_id_resolution.TestResolvePostAuthorIdPriority" name="test_creator_id_fallback_when_no_author_or_user" time="0.000" /><testcase classname="tests.test_author_id_resolution.TestResolvePostAuthorIdPriority" name="test_owner_id_fallback_when_no_other_fields" time="0.000" /><testcase classname="tests.test_author_id_resolution.TestResolvePostAuthorIdPriority" name="test_empty_string_returned_when_no_author_fields" time="0.000" /><testcase classname="tests.test_author_id_resolution.TestResolvePostAuthorIdPriority" name="test_skips_empty_and_none_values" time="0.000" /><testcase classname="tests.test_author_id_resolution.TestResolvePostAuthorIdPriority" name="test_handles_objectid_values" time="0.000" /><testcase classname="tests.test_author_id_resolution.TestPostCreationAuthorIdAssertion" name="test_new_post_has_author_id" time="0.545" /><testcase classname="tests.test_author_id_resolution.TestLegacyPostMigration" name="test_migration_function_behavior" time="0.004" /><testcase classname="tests.test_author_id_resolution.TestLikeOnLegacyPost" name="test_like_on_post_with_only_user_id_creates_notification" time="1.916" /><testcase classname="tests.test_author_id_resolution.TestCommentOnLegacyPost" name="test_comment_on_post_with_only_user_id_creates_notification" time="1.915" /><testcase classname="tests.test_author_id_resolution.TestRegressionNormalPost" name="test_like_on_normal_post_works" time="2.046" /><testcase classname="tests.test_author_id_resolution.TestRegressionNormalPost" name="test_comment_on_normal_post_works" time="2.076" /><testcase classname="tests.test_author_id_resolution.TestPostWithNoAuthorFields" name="test_like_on_orphan_post_does_not_crash" time="0.684" /><testcase classname="tests.test_author_id_resolution.TestNotificationsModuleFallback" name="test_trigger_comment_notification_code_has_fallback" time="0.001" /><testcase classname="tests.test_author_id_resolution.TestIntegrationFullFlow" name="test_full_flow_legacy_post_like_notification" time="2.398" /></testsuite></testsuites>