<?xml version="1.0" encoding="utf-8"?><testsuites name="pytest tests"><testsuite name="pytest" errors="0" failures="0" skipped="0" tests="10" time="5.564" timestamp="2026-05-27T06:31:54.382271+00:00" hostname="agent-env-19812cb7-bfb2-4262-97c6-70dec42a9b3b"><testcase classname="backend.tests.test_muscle_gainer_cap_skip.TestMuscleGainerCapSkip" name="test_muscle_gainer_no_cap_5_consecutive" time="1.236" /><testcase classname="backend.tests.test_muscle_gainer_cap_skip.TestMuscleGainerCapSkip" name="test_muscle_gainer_response_shape" time="0.110" /><testcase classname="backend.tests.test_muscle_gainer_cap_skip.TestOtherMoodCapEnforced" name="test_sweat_cap_enforced_on_4th_call" time="0.777" /><testcase classname="backend.tests.test_muscle_gainer_cap_skip.TestOtherMoodCapEnforced" name="test_muscle_gainer_still_works_after_other_mood_cap_hit" time="1.258" /><testcase classname="backend.tests.test_muscle_gainer_cap_skip.TestOtherMoodsRegression" name="test_other_mood_first_call_succeeds[I want to be lazy]" time="0.455" /><testcase classname="backend.tests.test_muscle_gainer_cap_skip.TestOtherMoodsRegression" name="test_other_mood_first_call_succeeds[I want to go outdoor]" time="0.510" /><testcase classname="backend.tests.test_muscle_gainer_cap_skip.TestOtherMoodsRegression" name="test_other_mood_first_call_succeeds[I want to do calisthenics]" time="0.452" /><testcase classname="backend.tests.test_muscle_gainer_cap_skip.TestOtherMoodsRegression" name="test_other_mood_first_call_succeeds[I want to be explosive]" time="0.471" /><testcase classname="backend.tests.test_muscle_gainer_cap_skip.TestUsageEndpoint" name="test_usage_endpoint_reachable" time="0.136" /><testcase classname="backend.tests.test_muscle_gainer_cap_skip.TestAuthRequired" name="test_generate_without_auth_returns_401_or_403" time="0.101" /></testsuite></testsuites>