<?xml version="1.0" encoding="utf-8"?><testsuites name="pytest tests"><testsuite name="pytest" errors="0" failures="0" skipped="0" tests="8" time="1.435" timestamp="2026-03-05T06:07:17.709023+00:00" hostname="agent-env-2ccb8fc9-2070-43a9-95b8-1a697f2d6167"><testcase classname="backend.tests.test_featured_workout_navigation.TestFeaturedWorkoutNavigation" name="test_01_notifications_endpoint_returns_featured_workout" time="0.675" /><testcase classname="backend.tests.test_featured_workout_navigation.TestFeaturedWorkoutNavigation" name="test_02_featured_workouts_batch_returns_data" time="0.147" /><testcase classname="backend.tests.test_featured_workout_navigation.TestFeaturedWorkoutNavigation" name="test_03_workout_has_exercises_array" time="0.001" /><testcase classname="backend.tests.test_featured_workout_navigation.TestFeaturedWorkoutNavigation" name="test_04_all_featured_workout_entity_ids_resolve" time="0.132" /><testcase classname="backend.tests.test_featured_workout_navigation.TestFeaturedWorkoutNavigation" name="test_05_notification_structure_for_frontend" time="0.000" /><testcase classname="backend.tests.test_featured_workout_navigation.TestFeaturedWorkoutsBatchEdgeCases" name="test_empty_array_returns_empty" time="0.125" /><testcase classname="backend.tests.test_featured_workout_navigation.TestFeaturedWorkoutsBatchEdgeCases" name="test_invalid_id_filtered_out" time="0.123" /><testcase classname="backend.tests.test_featured_workout_navigation.TestFeaturedWorkoutsBatchEdgeCases" name="test_nonexistent_id_not_returned" time="0.119" /></testsuite></testsuites>