<?xml version="1.0" encoding="utf-8"?><testsuites name="pytest tests"><testsuite name="pytest" errors="0" failures="0" skipped="0" tests="15" time="1.823" timestamp="2026-03-05T06:14:04.834738+00:00" hostname="agent-env-2ccb8fc9-2070-43a9-95b8-1a697f2d6167"><testcase classname="backend.tests.test_video_prefetch_phase2.TestFeaturedConfig" name="test_featured_config_returns_200" time="0.238" /><testcase classname="backend.tests.test_video_prefetch_phase2.TestFeaturedConfig" name="test_featured_config_has_required_fields" time="0.055" /><testcase classname="backend.tests.test_video_prefetch_phase2.TestFeaturedConfig" name="test_featured_config_has_valid_workout_ids" time="0.052" /><testcase classname="backend.tests.test_video_prefetch_phase2.TestFeaturedWorkoutsBatch" name="test_batch_endpoint_returns_200" time="0.105" /><testcase classname="backend.tests.test_video_prefetch_phase2.TestFeaturedWorkoutsBatch" name="test_batch_returns_workouts_array" time="0.101" /><testcase classname="backend.tests.test_video_prefetch_phase2.TestFeaturedWorkoutsBatch" name="test_workouts_have_exercises_with_image_url" time="0.102" /><testcase classname="backend.tests.test_video_prefetch_phase2.TestFeaturedWorkoutsBatch" name="test_workout_has_required_display_fields" time="0.101" /><testcase classname="backend.tests.test_video_prefetch_phase2.TestFeaturedWorkoutsBatch" name="test_empty_ids_returns_empty_workouts" time="0.052" /><testcase classname="backend.tests.test_video_prefetch_phase2.TestPostsForVideoPrefetch" name="test_posts_endpoint_returns_200" time="0.468" /><testcase classname="backend.tests.test_video_prefetch_phase2.TestPostsForVideoPrefetch" name="test_posts_have_media_urls" time="0.072" /><testcase classname="backend.tests.test_video_prefetch_phase2.TestPostsForVideoPrefetch" name="test_posts_have_cover_urls_for_videos" time="0.091" /><testcase classname="backend.tests.test_video_prefetch_phase2.TestPostsForVideoPrefetch" name="test_posts_have_id_field" time="0.064" /><testcase classname="backend.tests.test_video_prefetch_phase2.TestPublicPostsEndpoint" name="test_public_posts_returns_200" time="0.056" /><testcase classname="backend.tests.test_video_prefetch_phase2.TestPublicPostsEndpoint" name="test_public_posts_have_media_urls" time="0.057" /><testcase classname="backend.tests.test_video_prefetch_phase2.TestExerciseImageUrlDerivation" name="test_exercise_images_are_valid_urls" time="0.103" /></testsuite></testsuites>