<?xml version="1.0" encoding="utf-8"?><testsuites name="pytest tests"><testsuite name="pytest" errors="0" failures="1" skipped="0" tests="4" time="4.907" timestamp="2026-05-27T07:45:39.442814+00:00" hostname="agent-env-19812cb7-bfb2-4262-97c6-70dec42a9b3b"><testcase classname="backend.tests.test_choose_for_me_cap_skip_v2" name="test_skip_pings_are_telemetry_only" time="1.467" /><testcase classname="backend.tests.test_choose_for_me_cap_skip_v2" name="test_sweat_cap_unchanged_after_skips" time="1.816" /><testcase classname="backend.tests.test_choose_for_me_cap_skip_v2" name="test_muscle_gainer_uncapped_4_consecutive_gens" time="0.756" /><testcase classname="backend.tests.test_choose_for_me_cap_skip_v2" name="test_mg_generations_do_not_burn_sweat_cap" time="0.788"><failure message="AssertionError: Sweat gen after 3 MG gens returned 429 ({&quot;detail&quot;:&quot;Daily limit reached. You can only use Build for Me 3 times per day.&quot;}). MG calls are burning the Sweat cap — backend bug.&#10;assert 429 == 200&#10; +  where 429 = &lt;Response [429]&gt;.status_code">backend/tests/test_choose_for_me_cap_skip_v2.py:119: in test_mg_generations_do_not_burn_sweat_cap
    assert r.status_code == 200, (
E   AssertionError: Sweat gen after 3 MG gens returned 429 ({"detail":"Daily limit reached. You can only use Build for Me 3 times per day."}). MG calls are burning the Sweat cap — backend bug.
E   assert 429 == 200
E    +  where 429 = &lt;Response [429]&gt;.status_code</failure></testcase></testsuite></testsuites>