<?xml version="1.0" encoding="utf-8"?><testsuites name="pytest tests"><testsuite name="pytest" errors="0" failures="0" skipped="0" tests="20" time="3.545" timestamp="2026-03-05T19:57:03.189500+00:00" hostname="agent-env-2ccb8fc9-2070-43a9-95b8-1a697f2d6167"><testcase classname="backend.tests.test_caption_and_bundle_fixes.TestPublicPostsEndpoint" name="test_public_posts_returns_200" time="0.342" /><testcase classname="backend.tests.test_caption_and_bundle_fixes.TestPublicPostsEndpoint" name="test_public_posts_returns_list" time="0.134" /><testcase classname="backend.tests.test_caption_and_bundle_fixes.TestPublicPostsEndpoint" name="test_public_posts_have_caption_field" time="0.175" /><testcase classname="backend.tests.test_caption_and_bundle_fixes.TestPublicPostsEndpoint" name="test_public_posts_have_required_fields" time="0.127" /><testcase classname="backend.tests.test_caption_and_bundle_fixes.TestPublicPostsEndpoint" name="test_public_posts_guests_cannot_like_or_save" time="0.182" /><testcase classname="backend.tests.test_caption_and_bundle_fixes.TestAuthenticatedPostsEndpoint" name="test_authenticated_posts_returns_200" time="0.138" /><testcase classname="backend.tests.test_caption_and_bundle_fixes.TestAuthenticatedPostsEndpoint" name="test_authenticated_posts_have_caption_field" time="0.201" /><testcase classname="backend.tests.test_caption_and_bundle_fixes.TestAuthenticatedPostsEndpoint" name="test_authenticated_posts_returns_list" time="0.134" /><testcase classname="backend.tests.test_caption_and_bundle_fixes.TestFeaturedBundleEndpoint" name="test_bundle_returns_200" time="0.136" /><testcase classname="backend.tests.test_caption_and_bundle_fixes.TestFeaturedBundleEndpoint" name="test_bundle_has_config_and_workouts" time="0.148" /><testcase classname="backend.tests.test_caption_and_bundle_fixes.TestFeaturedBundleEndpoint" name="test_bundle_config_has_required_fields" time="0.172" /><testcase classname="backend.tests.test_caption_and_bundle_fixes.TestFeaturedBundleEndpoint" name="test_bundle_workouts_is_list" time="0.158" /><testcase classname="backend.tests.test_caption_and_bundle_fixes.TestFeaturedBundleEndpoint" name="test_bundle_workouts_have_required_fields" time="0.147" /><testcase classname="backend.tests.test_caption_and_bundle_fixes.TestFeaturedBundleEndpoint" name="test_bundle_workouts_have_exercises_with_data" time="0.171" /><testcase classname="backend.tests.test_caption_and_bundle_fixes.TestFeaturedBundleEndpoint" name="test_bundle_workout_ids_match_config" time="0.148" /><testcase classname="backend.tests.test_caption_and_bundle_fixes.TestFeaturedBundleEndpoint" name="test_bundle_workouts_order_matches_config" time="0.182" /><testcase classname="backend.tests.test_caption_and_bundle_fixes.TestBundleEliminatesWaterfall" name="test_bundle_is_single_request" time="0.154" /><testcase classname="backend.tests.test_caption_and_bundle_fixes.TestBundleEliminatesWaterfall" name="test_bundle_workouts_are_fully_hydrated" time="0.142" /><testcase classname="backend.tests.test_caption_and_bundle_fixes.TestCaptionEdgeCases" name="test_public_posts_handles_empty_caption" time="0.131" /><testcase classname="backend.tests.test_caption_and_bundle_fixes.TestCaptionEdgeCases" name="test_public_posts_pagination" time="0.272" /></testsuite></testsuites>