<?xml version="1.0" encoding="utf-8"?><testsuites name="pytest tests"><testsuite name="pytest" errors="0" failures="0" skipped="0" tests="15" time="0.582" timestamp="2026-03-04T17:28:18.975332+00:00" hostname="agent-env-f7783760-1419-4f56-818c-814f0a2c160a"><testcase classname="tests.test_push_notifications.TestHealthCheck" name="test_health_endpoint" time="0.355" /><testcase classname="tests.test_push_notifications.TestDatabaseIndexes" name="test_device_tokens_unique_index_exists" time="0.017" /><testcase classname="tests.test_push_notifications.TestDatabaseIndexes" name="test_push_send_log_unique_compound_index" time="0.009" /><testcase classname="tests.test_push_notifications.TestDatabaseIndexes" name="test_push_send_log_ttl_index" time="0.007" /><testcase classname="tests.test_push_notifications.TestDeviceTokenRegistration" name="test_upsert_behavior_no_duplicates" time="0.020" /><testcase classname="tests.test_push_notifications.TestPushSendLogIdempotency" name="test_push_send_log_rejects_duplicates" time="0.009" /><testcase classname="tests.test_push_notifications.TestNotificationActorInfo" name="test_notification_has_actor_lookup" time="0.014" /><testcase classname="tests.test_push_notifications.TestUnboundedQueriesFixed" name="test_no_100000_to_list_in_server" time="0.005" /><testcase classname="tests.test_push_notifications.TestAdminEndpointsSendActorId" name="test_admin_featured_workout_endpoint_code_passes_sender" time="0.003" /><testcase classname="tests.test_push_notifications.TestAdminEndpointsSendActorId" name="test_admin_workout_reminder_endpoint_code_passes_actor" time="0.004" /><testcase classname="tests.test_push_notifications.TestAdminEndpointsSendActorId" name="test_admin_mass_workout_reminder_passes_sender" time="0.003" /><testcase classname="tests.test_push_notifications.TestAdminEndpointsSendActorId" name="test_admin_featured_suggestion_passes_sender" time="0.004" /><testcase classname="tests.test_push_notifications.TestNotificationServiceActorResolution" name="test_trigger_workout_reminder_auto_resolves_actor" time="0.001" /><testcase classname="tests.test_push_notifications.TestNotificationServiceActorResolution" name="test_trigger_featured_workout_auto_resolves_actor" time="0.001" /><testcase classname="tests.test_push_notifications.TestGetUserTokensNoDuplicates" name="test_get_user_tokens_deduplication_logic" time="0.001" /></testsuite></testsuites>