<?xml version="1.0" encoding="utf-8"?><testsuites name="pytest tests"><testsuite name="pytest" errors="0" failures="0" skipped="0" tests="14" time="14.052" timestamp="2026-03-04T18:48:48.803661+00:00" hostname="agent-env-f7783760-1419-4f56-818c-814f0a2c160a"><testcase classname="backend.tests.test_viber_fixes.TestFix1_ResolvePostAuthorIdMethod" name="test_resolve_post_author_id_is_staticmethod_on_notificationservice" time="0.002" /><testcase classname="backend.tests.test_viber_fixes.TestFix1_ResolvePostAuthorIdMethod" name="test_trigger_comment_notification_calls_self_resolve" time="0.001" /><testcase classname="backend.tests.test_viber_fixes.TestFix1_VideoCommentNotificationMetadata" name="test_comment_on_video_post_has_media_type_video" time="2.706" /><testcase classname="backend.tests.test_viber_fixes.TestFix2_MigrationPriorityOrder" name="test_migration_function_priority_order" time="0.005" /><testcase classname="backend.tests.test_viber_fixes.TestFix2_MigrationPriorityOrder" name="test_helper_and_migration_have_matching_priority" time="0.005" /><testcase classname="backend.tests.test_viber_fixes.TestFix3_NonSelfVideoLike" name="test_non_self_like_creates_notification_with_different_actor_recipient" time="2.857" /><testcase classname="backend.tests.test_viber_fixes.TestFix3_NonSelfVideoLike" name="test_self_like_skipped" time="2.509" /><testcase classname="backend.tests.test_viber_fixes.TestFix4_NotifCreatedLogFormat" name="test_notif_created_log_format_in_code" time="0.002" /><testcase classname="backend.tests.test_viber_fixes.TestFix4_NotifCreatedLogFormat" name="test_media_type_read_from_metadata" time="0.001" /><testcase classname="backend.tests.test_viber_fixes.TestFix4_LikeNotificationMediaType" name="test_single_like_path_includes_media_type" time="0.001" /><testcase classname="backend.tests.test_viber_fixes.TestFix4_LikeNotificationMediaType" name="test_bundled_like_path_includes_media_type" time="0.001" /><testcase classname="backend.tests.test_viber_fixes.TestFix4_CommentNotificationMediaType" name="test_comment_notification_includes_media_type" time="0.001" /><testcase classname="backend.tests.test_viber_fixes.TestRegression_ImagePostLike" name="test_image_post_like_has_media_type_image" time="2.582" /><testcase classname="backend.tests.test_viber_fixes.TestIntegration_VideoLikeFullFlow" name="test_video_like_full_flow" time="3.243" /></testsuite></testsuites>