<?xml version="1.0" encoding="utf-8"?><testsuites name="pytest tests"><testsuite name="pytest" errors="0" failures="0" skipped="0" tests="7" time="0.457" timestamp="2026-03-05T20:40:49.585703+00:00" hostname="agent-env-bde8fdac-4866-47e5-87be-e69a3683a778"><testcase classname="tests.test_backend_url_lock.TestHealthCheck" name="test_health_endpoint_returns_healthy" time="0.010" /><testcase classname="tests.test_backend_url_lock.TestPublicEndpoints" name="test_public_posts_returns_success" time="0.013" /><testcase classname="tests.test_backend_url_lock.TestPublicEndpoints" name="test_featured_bundle_returns_data" time="0.005" /><testcase classname="tests.test_backend_url_lock.TestPublicEndpoints" name="test_featured_config_returns_data" time="0.003" /><testcase classname="tests.test_backend_url_lock.TestLoginEndpoint" name="test_login_returns_proper_error_for_invalid_credentials" time="0.007" /><testcase classname="tests.test_backend_url_lock.TestLoginEndpoint" name="test_login_endpoint_reachable" time="0.004" /><testcase classname="tests.test_backend_url_lock.TestRegisterEndpoint" name="test_register_endpoint_reachable" time="0.320" /></testsuite></testsuites>