<?xml version="1.0" encoding="utf-8"?><testsuites name="pytest tests"><testsuite name="pytest" errors="0" failures="0" skipped="0" tests="15" time="0.927" timestamp="2026-03-04T17:56:32.748902+00:00" hostname="agent-env-f7783760-1419-4f56-818c-814f0a2c160a"><testcase classname="backend.tests.test_p0_fixes.TestFeaturedWorkoutValidation" name="test_featured_workout_endpoint_validates_exercises_exist" time="0.006" /><testcase classname="backend.tests.test_p0_fixes.TestFeaturedWorkoutValidation" name="test_featured_workout_validation_code_logic" time="0.024" /><testcase classname="backend.tests.test_p0_fixes.TestFeaturedWorkoutPushPayload" name="test_push_payload_includes_cart_items" time="0.001" /><testcase classname="backend.tests.test_p0_fixes.TestFeaturedWorkoutPushPayload" name="test_cart_items_structure_in_push" time="0.001" /><testcase classname="backend.tests.test_p0_fixes.TestLikeNotificationPushPath" name="test_trigger_like_notification_sends_push" time="0.001" /><testcase classname="backend.tests.test_p0_fixes.TestLikeNotificationPushPath" name="test_create_notification_push_path_logging" time="0.001" /><testcase classname="backend.tests.test_p0_fixes.TestLikeNotificationPushPath" name="test_send_push_notification_logging" time="0.001" /><testcase classname="backend.tests.test_p0_fixes.TestLikeNotificationNoTypeFilter" name="test_no_type_whitelist_in_send_push" time="0.001" /><testcase classname="backend.tests.test_p0_fixes.TestUserPreferenceDefaults" name="test_get_user_settings_defaults" time="0.001" /><testcase classname="backend.tests.test_p0_fixes.TestUserPreferenceDefaults" name="test_is_in_quiet_hours_uses_correct_default" time="0.001" /><testcase classname="backend.tests.test_p0_fixes.TestLikeIdempotencyEventKey" name="test_like_dedupe_key_format" time="0.001" /><testcase classname="backend.tests.test_p0_fixes.TestDeviceTokenQueryForAuthor" name="test_get_user_tokens_query" time="0.001" /><testcase classname="backend.tests.test_p0_fixes.TestDeviceTokenQueryForAuthor" name="test_device_token_user_id_format_consistency" time="0.019" /><testcase classname="backend.tests.test_p0_fixes.TestLikeNotificationIntegration" name="test_full_like_notification_flow" time="0.330" /><testcase classname="backend.tests.test_p0_fixes.TestHealthCheck" name="test_health_endpoint" time="0.402" /></testsuite></testsuites>