<?xml version="1.0" encoding="utf-8"?><testsuites name="pytest tests"><testsuite name="pytest" errors="0" failures="0" skipped="0" tests="10" time="1.571" timestamp="2026-03-05T05:25:12.270859+00:00" hostname="agent-env-f3bfa194-d945-47a9-8de9-624d06ee6c0c"><testcase classname="backend.tests.test_video_notification_fix.TestHealthCheck" name="test_api_health" time="0.181" /><testcase classname="backend.tests.test_video_notification_fix.TestAuthentication" name="test_login_success" time="0.313" /><testcase classname="backend.tests.test_video_notification_fix.TestVideoPostNotifications" name="test_video_post_exists" time="0.343" /><testcase classname="backend.tests.test_video_notification_fix.TestVideoPostNotifications" name="test_like_video_post_creates_notification" time="0.115" /><testcase classname="backend.tests.test_video_notification_fix.TestVideoPostNotifications" name="test_comment_on_video_post_creates_notification" time="0.077" /><testcase classname="backend.tests.test_video_notification_fix.TestImagePostNotifications" name="test_image_post_exists" time="0.054" /><testcase classname="backend.tests.test_video_notification_fix.TestImagePostNotifications" name="test_like_image_post_still_works" time="0.106" /><testcase classname="backend.tests.test_video_notification_fix.TestCoverUrlsMigration" name="test_video_post_cover_urls_normalized" time="0.049" /><testcase classname="backend.tests.test_video_notification_fix.TestNotificationServiceHelper" name="test_like_with_dict_cover_urls_no_error" time="0.108" /><testcase classname="backend.tests.test_video_notification_fix.TestTraceLogging" name="test_like_triggers_trace_logs" time="0.111" /></testsuite></testsuites>