<?xml version="1.0" encoding="utf-8"?><testsuites name="pytest tests"><testsuite name="pytest" errors="0" failures="0" skipped="0" tests="33" time="2.704" timestamp="2026-03-04T19:19:58.099408+00:00" hostname="agent-env-f7783760-1419-4f56-818c-814f0a2c160a"><testcase classname="tests.test_thumbnail_url_derivation.TestDerivePostMediaFieldsFunction" name="test_function_exists_and_importable" time="0.833" /><testcase classname="tests.test_thumbnail_url_derivation.TestDerivePostMediaFieldsFunction" name="test_video_detection_mp4_extension" time="0.001" /><testcase classname="tests.test_thumbnail_url_derivation.TestDerivePostMediaFieldsFunction" name="test_video_detection_mov_extension" time="0.000" /><testcase classname="tests.test_thumbnail_url_derivation.TestDerivePostMediaFieldsFunction" name="test_video_detection_m3u8_extension" time="0.000" /><testcase classname="tests.test_thumbnail_url_derivation.TestDerivePostMediaFieldsFunction" name="test_video_detection_video_path" time="0.000" /><testcase classname="tests.test_thumbnail_url_derivation.TestDerivePostMediaFieldsFunction" name="test_image_detection_jpg" time="0.000" /><testcase classname="tests.test_thumbnail_url_derivation.TestDerivePostMediaFieldsFunction" name="test_image_detection_png" time="0.000" /><testcase classname="tests.test_thumbnail_url_derivation.TestDerivePostMediaFieldsFunction" name="test_empty_media_urls_returns_none_media_type" time="0.001" /><testcase classname="tests.test_thumbnail_url_derivation.TestDerivePostMediaFieldsFunction" name="test_image_thumbnail_is_none" time="0.000" /><testcase classname="tests.test_thumbnail_url_derivation.TestDerivePostMediaFieldsFunction" name="test_video_with_cover_urls_dict_gets_thumbnail" time="0.000" /><testcase classname="tests.test_thumbnail_url_derivation.TestDerivePostMediaFieldsFunction" name="test_video_with_cover_urls_list_gets_thumbnail" time="0.000" /><testcase classname="tests.test_thumbnail_url_derivation.TestDerivePostMediaFieldsFunction" name="test_cloudinary_video_without_cover_gets_auto_thumbnail" time="0.000" /><testcase classname="tests.test_thumbnail_url_derivation.TestDerivePostMediaFieldsFunction" name="test_local_video_without_cover_gets_none_thumbnail" time="0.000" /><testcase classname="tests.test_thumbnail_url_derivation.TestDerivePostMediaFieldsFunction" name="test_return_dict_has_both_keys" time="0.000" /><testcase classname="tests.test_thumbnail_url_derivation.TestPostResponseModel" name="test_post_response_has_thumbnail_url_field" time="0.000" /><testcase classname="tests.test_thumbnail_url_derivation.TestPostResponseModel" name="test_post_response_has_media_type_field" time="0.000" /><testcase classname="tests.test_thumbnail_url_derivation.TestGetUserPostsAPI" name="test_get_user_posts_returns_thumbnail_url_field" time="0.780" /><testcase classname="tests.test_thumbnail_url_derivation.TestGetUserPostsAPI" name="test_get_user_posts_returns_media_type_field" time="0.138" /><testcase classname="tests.test_thumbnail_url_derivation.TestGetUserPostsAPI" name="test_image_posts_have_media_type_image" time="0.170" /><testcase classname="tests.test_thumbnail_url_derivation.TestGetUserPostsAPI" name="test_video_posts_have_media_type_video" time="0.224" /><testcase classname="tests.test_thumbnail_url_derivation.TestGetUserPostsAPI" name="test_local_video_posts_without_cover_have_null_thumbnail" time="0.218" /><testcase classname="tests.test_thumbnail_url_derivation.TestGetUserPostsAPI" name="test_cloudinary_video_with_cover_urls_gets_thumbnail" time="0.208" /><testcase classname="tests.test_thumbnail_url_derivation.TestVideoExtensionDetection" name="test_video_extension_detection[.mp4]" time="0.001" /><testcase classname="tests.test_thumbnail_url_derivation.TestVideoExtensionDetection" name="test_video_extension_detection[.mov]" time="0.000" /><testcase classname="tests.test_thumbnail_url_derivation.TestVideoExtensionDetection" name="test_video_extension_detection[.avi]" time="0.000" /><testcase classname="tests.test_thumbnail_url_derivation.TestVideoExtensionDetection" name="test_video_extension_detection[.webm]" time="0.000" /><testcase classname="tests.test_thumbnail_url_derivation.TestVideoExtensionDetection" name="test_video_extension_detection[.mkv]" time="0.000" /><testcase classname="tests.test_thumbnail_url_derivation.TestVideoExtensionDetection" name="test_video_extension_detection[.m4v]" time="0.000" /><testcase classname="tests.test_thumbnail_url_derivation.TestVideoExtensionDetection" name="test_video_extension_detection[.m3u8]" time="0.000" /><testcase classname="tests.test_thumbnail_url_derivation.TestCloudinaryAutoThumbnailFallback" name="test_cloudinary_video_upload_path_generates_thumbnail" time="0.000" /><testcase classname="tests.test_thumbnail_url_derivation.TestCloudinaryAutoThumbnailFallback" name="test_cloudinary_thumbnail_strips_transforms" time="0.000" /><testcase classname="tests.test_thumbnail_url_derivation.TestCloudinaryAutoThumbnailFallback" name="test_non_cloudinary_video_no_fallback" time="0.000" /><testcase classname="tests.test_thumbnail_url_derivation.TestRegressionImagePosts" name="test_image_post_still_displays_correctly" time="0.000" /></testsuite></testsuites>