<?xml version="1.0" encoding="utf-8"?><testsuites name="pytest tests"><testsuite name="pytest" errors="0" failures="0" skipped="0" tests="19" time="3.279" timestamp="2026-03-05T20:11:00.458775+00:00" hostname="agent-env-2ccb8fc9-2070-43a9-95b8-1a697f2d6167"><testcase classname="backend.tests.test_profile_grid_author_id_fix.TestEnvironmentConfiguration" name="test_app_env_is_production" time="0.001" /><testcase classname="backend.tests.test_profile_grid_author_id_fix.TestProfilePostsEndpoint" name="test_profile_posts_returns_200" time="0.184" /><testcase classname="backend.tests.test_profile_grid_author_id_fix.TestProfilePostsEndpoint" name="test_profile_posts_returns_non_empty_list" time="0.151" /><testcase classname="backend.tests.test_profile_grid_author_id_fix.TestProfilePostsEndpoint" name="test_profile_posts_have_correct_fields" time="0.151" /><testcase classname="backend.tests.test_profile_grid_author_id_fix.TestProfilePostsEndpoint" name="test_profile_posts_author_has_user_data" time="0.151" /><testcase classname="backend.tests.test_profile_grid_author_id_fix.TestDebugEndpointAdminAuth" name="test_debug_endpoint_returns_403_for_non_admin" time="0.136" /><testcase classname="backend.tests.test_profile_grid_author_id_fix.TestDebugEndpointAdminAuth" name="test_debug_endpoint_returns_200_for_admin" time="0.153" /><testcase classname="backend.tests.test_profile_grid_author_id_fix.TestDebugEndpointAdminAuth" name="test_debug_endpoint_returns_401_without_auth" time="0.249" /><testcase classname="backend.tests.test_profile_grid_author_id_fix.TestDebugEndpointData" name="test_debug_returns_correct_structure" time="0.185" /><testcase classname="backend.tests.test_profile_grid_author_id_fix.TestDebugEndpointData" name="test_debug_mismatch_is_false" time="0.203" /><testcase classname="backend.tests.test_profile_grid_author_id_fix.TestDebugEndpointData" name="test_debug_db_count_string_is_zero" time="0.131" /><testcase classname="backend.tests.test_profile_grid_author_id_fix.TestDebugEndpointData" name="test_debug_db_count_objectid_matches_expected" time="0.156" /><testcase classname="backend.tests.test_profile_grid_author_id_fix.TestDebugEndpointData" name="test_debug_profile_query_matches_objectid_count" time="0.134" /><testcase classname="backend.tests.test_profile_grid_author_id_fix.TestDebugEndpointData" name="test_debug_newest_posts_have_objectid_type" time="0.136" /><testcase classname="backend.tests.test_profile_grid_author_id_fix.TestDebugEndpointData" name="test_debug_newest_posts_have_required_fields" time="0.135" /><testcase classname="backend.tests.test_profile_grid_author_id_fix.TestProfileQueryIntegration" name="test_profile_posts_count_matches_debug_count" time="0.313" /><testcase classname="backend.tests.test_profile_grid_author_id_fix.TestProfileQueryIntegration" name="test_profile_posts_skip_and_limit_work" time="0.301" /><testcase classname="backend.tests.test_profile_grid_author_id_fix.TestStartupMigrationVerification" name="test_no_string_author_id_posts_in_db" time="0.138" /><testcase classname="backend.tests.test_profile_grid_author_id_fix.TestStartupMigrationVerification" name="test_migration_preserved_post_count" time="0.151" /></testsuite></testsuites>