<?xml version="1.0" encoding="utf-8"?><testsuites name="pytest tests"><testsuite name="pytest" errors="0" failures="0" skipped="0" tests="13" time="0.983" timestamp="2026-03-05T07:03:02.894586+00:00" hostname="agent-env-2ccb8fc9-2070-43a9-95b8-1a697f2d6167"><testcase classname="tests.test_notification_settings_none_fix.TestHealthCheck" name="test_health_endpoint" time="0.328" /><testcase classname="tests.test_notification_settings_none_fix.TestNotificationSettingsAPIBooleansNeverNone" name="test_settings_for_user_with_record_returns_booleans" time="0.173" /><testcase classname="tests.test_notification_settings_none_fix.TestNotificationSettingsAPIBooleansNeverNone" name="test_settings_for_user_without_record_returns_defaults" time="0.141" /><testcase classname="tests.test_notification_settings_none_fix.TestGetUserSettingsNoneCoalescing" name="test_get_user_settings_coalesces_none_values" time="0.115" /><testcase classname="tests.test_notification_settings_none_fix.TestSendFeaturedWorkoutSettingsCheck" name="test_settings_check_does_not_block_enabled_users" time="0.012" /><testcase classname="tests.test_notification_settings_none_fix.TestTriggerFeaturedWorkoutNotification" name="test_trigger_creates_notification_and_push_log" time="0.017" /><testcase classname="tests.test_notification_settings_none_fix.TestTriggerWorkoutReminder" name="test_trigger_workout_reminder_creates_notification" time="0.016" /><testcase classname="tests.test_notification_settings_none_fix.TestMassWorkoutReminderNoSkip" name="test_mass_reminder_includes_users_after_none_fix" time="0.023" /><testcase classname="tests.test_notification_settings_none_fix.TestStartupMigration" name="test_migration_logic_correct" time="0.017" /><testcase classname="tests.test_notification_settings_none_fix.TestNotificationWorkerNeQuery" name="test_process_scheduled_digests_uses_ne_false" time="0.001" /><testcase classname="tests.test_notification_settings_none_fix.TestNotificationWorkerNeQuery" name="test_check_quiet_hours_ending_uses_ne_false" time="0.001" /><testcase classname="tests.test_notification_settings_none_fix.TestGetUserSettingsCodeImplementation" name="test_get_user_settings_has_bool_helper" time="0.001" /><testcase classname="tests.test_notification_settings_none_fix.TestGetUserSettingsCodeImplementation" name="test_get_user_settings_has_str_helper" time="0.001" /></testsuite></testsuites>