<?xml version="1.0" encoding="utf-8"?><testsuites name="pytest tests"><testsuite name="pytest" errors="0" failures="0" skipped="0" tests="30" time="1.614" timestamp="2026-03-05T04:57:24.392628+00:00" hostname="agent-env-f3bfa194-d945-47a9-8de9-624d06ee6c0c"><testcase classname="backend.tests.test_featured_workout_push_payload.TestHealthCheck" name="test_health_endpoint" time="0.151" /><testcase classname="backend.tests.test_featured_workout_push_payload.TestFeaturedWorkoutsBatchEndpoint" name="test_batch_endpoint_exists" time="0.124" /><testcase classname="backend.tests.test_featured_workout_push_payload.TestFeaturedWorkoutsBatchEndpoint" name="test_batch_endpoint_accepts_array_body" time="0.144" /><testcase classname="backend.tests.test_featured_workout_push_payload.TestFeaturedWorkoutsBatchEndpoint" name="test_batch_endpoint_rejects_object_body" time="0.120" /><testcase classname="backend.tests.test_featured_workout_push_payload.TestFeaturedWorkoutsBatchEndpoint" name="test_batch_endpoint_returns_full_exercise_data" time="0.139" /><testcase classname="backend.tests.test_featured_workout_push_payload.TestFeaturedWorkoutsBatchEndpoint" name="test_batch_endpoint_returns_battlePlan" time="0.124" /><testcase classname="backend.tests.test_featured_workout_push_payload.TestFeaturedWorkoutsBatchEndpoint" name="test_batch_endpoint_returns_moodTips" time="0.123" /><testcase classname="backend.tests.test_featured_workout_push_payload.TestPushPayloadConstruction" name="test_workout_exercises_exist_in_db" time="0.011" /><testcase classname="backend.tests.test_featured_workout_push_payload.TestPushPayloadConstruction" name="test_exercises_have_required_fields_in_db" time="0.007" /><testcase classname="backend.tests.test_featured_workout_push_payload.TestPushPayloadConstruction" name="test_notifications_py_includes_all_exercise_fields" time="0.001" /><testcase classname="backend.tests.test_featured_workout_push_payload.TestPushPayloadConstruction" name="test_notifications_py_maps_exerciseId_to_id" time="0.001" /><testcase classname="backend.tests.test_featured_workout_push_payload.TestPushPayloadConstruction" name="test_notifications_py_caps_exercises_at_10" time="0.001" /><testcase classname="backend.tests.test_featured_workout_push_payload.TestPushPayloadSimulation" name="test_simulated_push_payload_has_all_fields" time="0.007" /><testcase classname="backend.tests.test_featured_workout_push_payload.TestIntegrationVerification" name="test_featured_config_endpoint" time="0.125" /><testcase classname="backend.tests.test_featured_workout_push_payload.TestIntegrationVerification" name="test_end_to_end_featured_workout_data_flow" time="0.245" /><testcase classname="backend.tests.test_push_notifications.TestHealthCheck" name="test_health_endpoint" time="0.123" /><testcase classname="backend.tests.test_push_notifications.TestDatabaseIndexes" name="test_device_tokens_unique_index_exists" time="0.007" /><testcase classname="backend.tests.test_push_notifications.TestDatabaseIndexes" name="test_push_send_log_unique_compound_index" time="0.006" /><testcase classname="backend.tests.test_push_notifications.TestDatabaseIndexes" name="test_push_send_log_ttl_index" time="0.005" /><testcase classname="backend.tests.test_push_notifications.TestDeviceTokenRegistration" name="test_upsert_behavior_no_duplicates" time="0.014" /><testcase classname="backend.tests.test_push_notifications.TestPushSendLogIdempotency" name="test_push_send_log_rejects_duplicates" time="0.010" /><testcase classname="backend.tests.test_push_notifications.TestNotificationActorInfo" name="test_notification_has_actor_lookup" time="0.008" /><testcase classname="backend.tests.test_push_notifications.TestUnboundedQueriesFixed" name="test_no_100000_to_list_in_server" time="0.005" /><testcase classname="backend.tests.test_push_notifications.TestAdminEndpointsSendActorId" name="test_admin_featured_workout_endpoint_code_passes_sender" time="0.003" /><testcase classname="backend.tests.test_push_notifications.TestAdminEndpointsSendActorId" name="test_admin_workout_reminder_endpoint_code_passes_actor" time="0.003" /><testcase classname="backend.tests.test_push_notifications.TestAdminEndpointsSendActorId" name="test_admin_mass_workout_reminder_passes_sender" time="0.003" /><testcase classname="backend.tests.test_push_notifications.TestAdminEndpointsSendActorId" name="test_admin_featured_suggestion_passes_sender" time="0.003" /><testcase classname="backend.tests.test_push_notifications.TestNotificationServiceActorResolution" name="test_trigger_workout_reminder_auto_resolves_actor" time="0.001" /><testcase classname="backend.tests.test_push_notifications.TestNotificationServiceActorResolution" name="test_trigger_featured_workout_auto_resolves_actor" time="0.001" /><testcase classname="backend.tests.test_push_notifications.TestGetUserTokensNoDuplicates" name="test_get_user_tokens_deduplication_logic" time="0.001" /></testsuite></testsuites>